\BOOKMARK [0][-]{chapter*.3}{\376\377\000W\000s\000t\001\031\000p}{}% 1
\BOOKMARK [0][-]{chapter.4}{\376\377\0001\000\040\000W\000p\000r\000o\000w\000a\000d\000z\000e\000n\000i\000e}{}% 2
\BOOKMARK [1][-]{section.5}{\376\377\0001\000.\0001\000\040\000F\000a\000b\000u\001\102\000a}{chapter.4}% 3
\BOOKMARK [1][-]{section.7}{\376\377\0001\000.\0002\000\040\000G\000r\000a\000f\000i\000k\000a}{chapter.4}% 4
\BOOKMARK [1][-]{section.10}{\376\377\0001\000.\0003\000\040\000U\001\174\000y\000t\000e\000\040\000n\000a\000r\000z\001\031\000d\000z\000i\000a}{chapter.4}% 5
\BOOKMARK [2][-]{section*.11}{\376\377\000E\000c\000l\000i\000p\000s\000e}{section.10}% 6
\BOOKMARK [2][-]{section*.12}{\376\377\000M\000a\000k\000e}{section.10}% 7
\BOOKMARK [2][-]{section*.13}{\376\377\000G\000i\000t}{section.10}% 8
\BOOKMARK [1][-]{section.14}{\376\377\0001\000.\0004\000\040\000O\000p\000e\000n\000G\000L\000\040\000j\000a\000k\000o\000\040\000s\000i\000l\000n\000i\000k\000\040\000g\000r\000a\000f\000i\000k\000i}{chapter.4}% 9
\BOOKMARK [2][-]{section*.15}{\376\377\000C\000z\000y\000m\000\040\000j\000e\000s\000t\000\040\000O\000p\000e\000n\000G\000L}{section.14}% 10
\BOOKMARK [2][-]{section*.16}{\376\377\000W\000y\000k\000o\000r\000z\000y\000s\000t\000a\000n\000i\000e\000\040\000O\000p\000e\000n\000G\000L\000\040\000d\000o\000\040\000r\000e\000n\000d\000e\000r\000o\000w\000a\000n\000i\000a\000\040\000g\000r\000a\000f\000i\000k\000i\000\040\000w\000\040\000g\000r\000z\000e}{section.14}% 11
\BOOKMARK [1][-]{section.17}{\376\377\0001\000.\0005\000\040\000S\000k\000r\000y\000p\000t\000y\000\040\000w\000\040\000j\001\031\000z\000y\000k\000u\000\040\000L\000u\000a}{chapter.4}% 12
\BOOKMARK [1][-]{section.19}{\376\377\0001\000.\0006\000\040\000O\000b\000s\001\102\000u\000g\000a\000\040\000c\000z\000c\000i\000o\000n\000e\000k\000\040\000w\000\040\000S\000D\000L}{chapter.4}% 13
\BOOKMARK [0][-]{chapter.20}{\376\377\0002\000\040\000B\000u\000d\000o\000w\000a\000\040\000a\000p\000l\000i\000k\000a\000c\000j\000i}{}% 14
\BOOKMARK [1][-]{section.21}{\376\377\0002\000.\0001\000\040\000G\001\102\000\363\000w\000n\000a\000\040\000p\001\031\000t\000l\000a}{chapter.20}% 15
\BOOKMARK [1][-]{section.23}{\376\377\0002\000.\0002\000\040\000M\000a\000p\000a\000\040\000w\000\040\000g\000r\000z\000e}{chapter.20}% 16
\BOOKMARK [2][-]{section*.24}{\376\377\000M\000a\000p\000a\000\040\000k\000a\000f\000e\000l\000k\000o\000w\000a}{section.23}% 17
\BOOKMARK [2][-]{section*.25}{\376\377\000E\000d\000y\000t\000o\000r\000\040\000m\000a\000p\000y}{section.23}% 18
\BOOKMARK [1][-]{section.27}{\376\377\0002\000.\0003\000\040\000U\000r\000u\000c\000h\000a\000m\000i\000a\000n\000i\000e\000\040\000a\000p\000l\000i\000k\000a\000c\000j\000i}{chapter.20}% 19
\BOOKMARK [1][-]{section.29}{\376\377\0002\000.\0004\000\040\000P\000r\000z\000y\000j\001\031\000t\000e\000\040\000k\000o\000n\000w\000e\000n\000c\000j\000e\000,\000\040\000l\000o\000g\000o\000w\000a\000n\000i\000e\000\040\000i\000\040\000o\000b\000s\001\102\000u\000g\000a\000\040\000b\001\102\000e\000d\000\363\000w}{chapter.20}% 20
\BOOKMARK [1][-]{section.30}{\376\377\0002\000.\0005\000\040\000W\000a\000r\000s\000t\000w\000y\000\040\000a\000p\000l\000i\000k\000a\000c\000j\000i}{chapter.20}% 21
\BOOKMARK [0][-]{chapter.32}{\376\377\0003\000\040\000D\000o\000k\000u\000m\000e\000n\000t\000a\000c\000j\000a\000\040\000u\001\174\000y\000t\000k\000o\000w\000n\000i\000k\000a}{}% 22
\BOOKMARK [1][-]{section.33}{\376\377\0003\000.\0001\000\040\000S\000t\000e\000r\000o\000w\000a\000n\000i\000e\000\040\000w\000\040\000g\000r\000z\000e}{chapter.32}% 23
\BOOKMARK [1][-]{section.34}{\376\377\0003\000.\0002\000\040\000M\000e\000n\000u}{chapter.32}% 24
\BOOKMARK [1][-]{section.35}{\376\377\0003\000.\0003\000\040\000I\000n\000s\000t\000a\000l\000a\000c\000j\000a}{chapter.32}% 25
\BOOKMARK [0][-]{chapter*.36}{\376\377\000Z\000a\000k\000o\001\104\000c\000z\000e\000n\000i\000e}{}% 26
\BOOKMARK [0][-]{dummy.37}{\376\377\000S\000p\000i\000s\000\040\000i\000l\000u\000s\000t\000r\000a\000c\000j\000i}{}% 27
\BOOKMARK [0][-]{dummy.39}{\376\377\000B\000i\000b\000l\000i\000o\000g\000r\000a\000f\000i\000a}{}% 28
